<?xml version="1.0" encoding="UTF-8"?>
<!-- Generated by org.testng.reporters.JUnitXMLReporter -->
<testsuite hostname="DESKTOP-6TES89P" ignored="0" name=" Orange HRM Application TestCases" tests="6" failures="0" timestamp="18 Sep 2019 17:08:47 GMT" time="154.22" errors="0">
  <testcase name="loginPageTitleTest" time="0.275" classname="com.orangehrm.test.LoginPageTest"/>
  <testcase name="openPIMPage" time="3.116" classname="com.orangehrm.test.OpenPIMPageTest"/>
  <testcase name="verifyAddEmployeePageLabel" time="0.116" classname="com.orangehrm.test.AddEmployeePageTest"/>
  <testcase name="loginTest" time="5.983" classname="com.orangehrm.test.LoginPageTest"/>
  <testcase name="openPIMPageTitleTest" time="0.008" classname="com.orangehrm.test.OpenPIMPageTest"/>
  <testcase name="fillData" time="7.768" classname="com.orangehrm.test.AddEmployeePageTest"/>
</testsuite> <!--  Orange HRM Application TestCases -->
