<?xml version="1.0" encoding="UTF-8"?>
<!-- Generated by org.testng.reporters.JUnitXMLReporter -->
<testsuite hostname="DESKTOP-6TES89P" ignored="0" name=" Orange HRM Application TestCases" tests="6" failures="0" timestamp="19 Sep 2019 11:59:59 GMT" time="108.257" errors="0">
  <testcase name="loginPageTitleTest" time="0.052" classname="com.orangehrm.test.LoginPageTest"/>
  <testcase name="openPIMPage" time="5.7" classname="com.orangehrm.test.OpenPIMPageTest"/>
  <testcase name="verifyAddEmployeePageLabel" time="0.132" classname="com.orangehrm.test.AddEmployeePageTest"/>
  <testcase name="loginTest" time="2.921" classname="com.orangehrm.test.LoginPageTest"/>
  <testcase name="openPIMPageTitleTest" time="0.013" classname="com.orangehrm.test.OpenPIMPageTest"/>
  <testcase name="fillData" time="7.336" classname="com.orangehrm.test.AddEmployeePageTest"/>
</testsuite> <!--  Orange HRM Application TestCases -->
