<?xml version="1.0" encoding="UTF-8"?>
<testng-results skipped="0" failed="0" ignored="0" total="2" passed="2">
  <reporter-output>
  </reporter-output>
  <suite name="Default suite" duration-ms="44856" started-at="2019-09-22T12:01:59Z" finished-at="2019-09-22T12:02:44Z">
    <groups>
    </groups>
    <test name="Default test" duration-ms="44856" started-at="2019-09-22T12:01:59Z" finished-at="2019-09-22T12:02:44Z">
      <class name="com.orangehrm.test.LoginPageTest">
        <test-method status="PASS" signature="setUp()[pri:0, instance:com.orangehrm.test.LoginPageTest@77cd7a0]" name="setUp" is-config="true" duration-ms="28030" started-at="2019-09-22T12:01:59Z" finished-at="2019-09-22T12:02:27Z">
          <reporter-output>
          </reporter-output>
        </test-method> <!-- setUp -->
        <test-method status="PASS" signature="loginPageTitleTest()[pri:1, instance:com.orangehrm.test.LoginPageTest@77cd7a0]" name="loginPageTitleTest" duration-ms="72" started-at="2019-09-22T12:02:27Z" finished-at="2019-09-22T12:02:27Z">
          <reporter-output>
          </reporter-output>
        </test-method> <!-- loginPageTitleTest -->
        <test-method status="PASS" signature="tearDown()[pri:0, instance:com.orangehrm.test.LoginPageTest@77cd7a0]" name="tearDown" is-config="true" duration-ms="1082" started-at="2019-09-22T12:02:27Z" finished-at="2019-09-22T12:02:28Z">
          <reporter-output>
          </reporter-output>
        </test-method> <!-- tearDown -->
        <test-method status="PASS" signature="setUp()[pri:0, instance:com.orangehrm.test.LoginPageTest@77cd7a0]" name="setUp" is-config="true" duration-ms="9130" started-at="2019-09-22T12:02:28Z" finished-at="2019-09-22T12:02:38Z">
          <reporter-output>
          </reporter-output>
        </test-method> <!-- setUp -->
        <test-method status="PASS" signature="loginTest()[pri:2, instance:com.orangehrm.test.LoginPageTest@77cd7a0]" name="loginTest" duration-ms="6283" started-at="2019-09-22T12:02:38Z" finished-at="2019-09-22T12:02:44Z">
          <reporter-output>
          </reporter-output>
        </test-method> <!-- loginTest -->
        <test-method status="PASS" signature="tearDown()[pri:0, instance:com.orangehrm.test.LoginPageTest@77cd7a0]" name="tearDown" is-config="true" duration-ms="136" started-at="2019-09-22T12:02:44Z" finished-at="2019-09-22T12:02:44Z">
          <reporter-output>
          </reporter-output>
        </test-method> <!-- tearDown -->
      </class> <!-- com.orangehrm.test.LoginPageTest -->
    </test> <!-- Default test -->
  </suite> <!-- Default suite -->
</testng-results>
