<?xml version="1.0" encoding="UTF-8"?>
<!-- Generated by org.testng.reporters.JUnitReportReporter -->
<testsuite skipped="0" hostname="DESKTOP-6TES89P" name="com.orangehrm.test.AddEmployeePageTest" tests="2" failures="0" timestamp="19 Sep 2019 12:00:01 GMT" time="45.276" errors="0">
  <testcase name="verifyAddEmployeePageLabel" time="22.380" classname="com.orangehrm.test.AddEmployeePageTest"/>
  <testcase name="fillData" time="22.896" classname="com.orangehrm.test.AddEmployeePageTest"/>
</testsuite> <!-- com.orangehrm.test.AddEmployeePageTest -->
