<?xml version="1.0" encoding="UTF-8"?>
<!-- Generated by org.testng.reporters.JUnitReportReporter -->
<testsuite skipped="0" hostname="DESKTOP-6TES89P" name="com.orangehrm.test.LoginPageTest" tests="2" failures="0" timestamp="22 Sep 2019 12:02:45 GMT" time="44.733" errors="0">
  <testcase name="loginPageTitleTest" time="28.238" classname="com.orangehrm.test.LoginPageTest"/>
  <testcase name="loginTest" time="16.495" classname="com.orangehrm.test.LoginPageTest"/>
</testsuite> <!-- com.orangehrm.test.LoginPageTest -->
