<?xml version="1.0" encoding="UTF-8"?>
<!-- Generated by org.testng.reporters.JUnitReportReporter -->
<testsuite skipped="0" hostname="DESKTOP-6TES89P" name="com.orangehrm.test.OpenPIMPageTest" tests="2" failures="0" timestamp="19 Sep 2019 12:00:01 GMT" time="37.380" errors="0">
  <testcase name="openPIMPage" time="24.360" classname="com.orangehrm.test.OpenPIMPageTest"/>
  <testcase name="openPIMPageTitleTest" time="13.020" classname="com.orangehrm.test.OpenPIMPageTest"/>
</testsuite> <!-- com.orangehrm.test.OpenPIMPageTest -->
